[0.376s] Invoking command in '/home/jungwon/Desktop/camera_calibration': PYTHONPATH=/home/jungwon/Desktop/camera_calibration/build/camera_calibration/prefix_override:/usr/lib/python3/dist-packages/colcon_core/task/python/colcon_distutils_commands:/home/jungwon/Desktop/camera_calibration/install/camera_calibration/lib/python3.10/site-packages:${PYTHONPATH} /usr/bin/python3 -W ignore:setup.py install is deprecated -W ignore:easy_install command is deprecated setup.py egg_info --egg-base build/camera_calibration build --build-base /home/jungwon/Desktop/camera_calibration/build/camera_calibration/build install --record /home/jungwon/Desktop/camera_calibration/build/camera_calibration/install.log --single-version-externally-managed install_data
[0.526s] running egg_info
[0.526s] writing build/camera_calibration/camera_calibration.egg-info/PKG-INFO
[0.527s] writing dependency_links to build/camera_calibration/camera_calibration.egg-info/dependency_links.txt
[0.527s] writing entry points to build/camera_calibration/camera_calibration.egg-info/entry_points.txt
[0.527s] writing requirements to build/camera_calibration/camera_calibration.egg-info/requires.txt
[0.527s] writing top-level names to build/camera_calibration/camera_calibration.egg-info/top_level.txt
[0.528s] reading manifest file 'build/camera_calibration/camera_calibration.egg-info/SOURCES.txt'
[0.535s] writing manifest file 'build/camera_calibration/camera_calibration.egg-info/SOURCES.txt'
[0.535s] running build
[0.535s] running build_py
[0.535s] copying src/camera_calibration/camera_calibrator.py -> /home/jungwon/Desktop/camera_calibration/build/camera_calibration/build/lib/camera_calibration
[0.536s] running install
[0.536s] running install_lib
[0.537s] copying /home/jungwon/Desktop/camera_calibration/build/camera_calibration/build/lib/camera_calibration/camera_calibrator.py -> /home/jungwon/Desktop/camera_calibration/install/camera_calibration/lib/python3.10/site-packages/camera_calibration
[0.537s] byte-compiling /home/jungwon/Desktop/camera_calibration/install/camera_calibration/lib/python3.10/site-packages/camera_calibration/camera_calibrator.py to camera_calibrator.cpython-310.pyc
[0.540s] running install_data
[0.540s] running install_egg_info
[0.541s] removing '/home/jungwon/Desktop/camera_calibration/install/camera_calibration/lib/python3.10/site-packages/camera_calibration-7.1.0-py3.10.egg-info' (and everything under it)
[0.541s] Copying build/camera_calibration/camera_calibration.egg-info to /home/jungwon/Desktop/camera_calibration/install/camera_calibration/lib/python3.10/site-packages/camera_calibration-7.1.0-py3.10.egg-info
[0.541s] running install_scripts
[0.555s] Installing cameracalibrator script to /home/jungwon/Desktop/camera_calibration/install/camera_calibration/lib/camera_calibration
[0.555s] Installing cameracheck script to /home/jungwon/Desktop/camera_calibration/install/camera_calibration/lib/camera_calibration
[0.555s] Installing image_publisher script to /home/jungwon/Desktop/camera_calibration/install/camera_calibration/lib/camera_calibration
[0.555s] Installing tarfile_calibration script to /home/jungwon/Desktop/camera_calibration/install/camera_calibration/lib/camera_calibration
[0.555s] writing list of installed files to '/home/jungwon/Desktop/camera_calibration/build/camera_calibration/install.log'
[0.571s] Invoked command in '/home/jungwon/Desktop/camera_calibration' returned '0': PYTHONPATH=/home/jungwon/Desktop/camera_calibration/build/camera_calibration/prefix_override:/usr/lib/python3/dist-packages/colcon_core/task/python/colcon_distutils_commands:/home/jungwon/Desktop/camera_calibration/install/camera_calibration/lib/python3.10/site-packages:${PYTHONPATH} /usr/bin/python3 -W ignore:setup.py install is deprecated -W ignore:easy_install command is deprecated setup.py egg_info --egg-base build/camera_calibration build --build-base /home/jungwon/Desktop/camera_calibration/build/camera_calibration/build install --record /home/jungwon/Desktop/camera_calibration/build/camera_calibration/install.log --single-version-externally-managed install_data
