/home/jungwon/Desktop/camera_calibration/install/camera_calibration/lib/python3.10/site-packages/camera_calibration/camera_checker.py
/home/jungwon/Desktop/camera_calibration/install/camera_calibration/lib/python3.10/site-packages/camera_calibration/camera_calibrator.py
/home/jungwon/Desktop/camera_calibration/install/camera_calibration/lib/python3.10/site-packages/camera_calibration/__init__.py
/home/jungwon/Desktop/camera_calibration/install/camera_calibration/lib/python3.10/site-packages/camera_calibration/stereo_calibrator.py
/home/jungwon/Desktop/camera_calibration/install/camera_calibration/lib/python3.10/site-packages/camera_calibration/calibrator.py
/home/jungwon/Desktop/camera_calibration/install/camera_calibration/lib/python3.10/site-packages/camera_calibration/mono_calibrator.py
/home/jungwon/Desktop/camera_calibration/install/camera_calibration/lib/python3.10/site-packages/camera_calibration/nodes/image_publisher.py
/home/jungwon/Desktop/camera_calibration/install/camera_calibration/lib/python3.10/site-packages/camera_calibration/nodes/__init__.py
/home/jungwon/Desktop/camera_calibration/install/camera_calibration/lib/python3.10/site-packages/camera_calibration/nodes/cameracalibrator.py
/home/jungwon/Desktop/camera_calibration/install/camera_calibration/lib/python3.10/site-packages/camera_calibration/nodes/tarfile_calibration.py
/home/jungwon/Desktop/camera_calibration/install/camera_calibration/lib/python3.10/site-packages/camera_calibration/nodes/cameracheck.py
/home/jungwon/Desktop/camera_calibration/install/camera_calibration/lib/python3.10/site-packages/camera_calibration/__pycache__/camera_checker.cpython-310.pyc
/home/jungwon/Desktop/camera_calibration/install/camera_calibration/lib/python3.10/site-packages/camera_calibration/__pycache__/camera_calibrator.cpython-310.pyc
/home/jungwon/Desktop/camera_calibration/install/camera_calibration/lib/python3.10/site-packages/camera_calibration/__pycache__/__init__.cpython-310.pyc
/home/jungwon/Desktop/camera_calibration/install/camera_calibration/lib/python3.10/site-packages/camera_calibration/__pycache__/stereo_calibrator.cpython-310.pyc
/home/jungwon/Desktop/camera_calibration/install/camera_calibration/lib/python3.10/site-packages/camera_calibration/__pycache__/calibrator.cpython-310.pyc
/home/jungwon/Desktop/camera_calibration/install/camera_calibration/lib/python3.10/site-packages/camera_calibration/__pycache__/mono_calibrator.cpython-310.pyc
/home/jungwon/Desktop/camera_calibration/install/camera_calibration/lib/python3.10/site-packages/camera_calibration/nodes/__pycache__/image_publisher.cpython-310.pyc
/home/jungwon/Desktop/camera_calibration/install/camera_calibration/lib/python3.10/site-packages/camera_calibration/nodes/__pycache__/__init__.cpython-310.pyc
/home/jungwon/Desktop/camera_calibration/install/camera_calibration/lib/python3.10/site-packages/camera_calibration/nodes/__pycache__/cameracalibrator.cpython-310.pyc
/home/jungwon/Desktop/camera_calibration/install/camera_calibration/lib/python3.10/site-packages/camera_calibration/nodes/__pycache__/tarfile_calibration.cpython-310.pyc
/home/jungwon/Desktop/camera_calibration/install/camera_calibration/lib/python3.10/site-packages/camera_calibration/nodes/__pycache__/cameracheck.cpython-310.pyc
/home/jungwon/Desktop/camera_calibration/install/camera_calibration/share/ament_index/resource_index/packages/camera_calibration
/home/jungwon/Desktop/camera_calibration/install/camera_calibration/share/camera_calibration/package.xml
/home/jungwon/Desktop/camera_calibration/install/camera_calibration/lib/python3.10/site-packages/camera_calibration-7.1.0-py3.10.egg-info/entry_points.txt
/home/jungwon/Desktop/camera_calibration/install/camera_calibration/lib/python3.10/site-packages/camera_calibration-7.1.0-py3.10.egg-info/SOURCES.txt
/home/jungwon/Desktop/camera_calibration/install/camera_calibration/lib/python3.10/site-packages/camera_calibration-7.1.0-py3.10.egg-info/dependency_links.txt
/home/jungwon/Desktop/camera_calibration/install/camera_calibration/lib/python3.10/site-packages/camera_calibration-7.1.0-py3.10.egg-info/requires.txt
/home/jungwon/Desktop/camera_calibration/install/camera_calibration/lib/python3.10/site-packages/camera_calibration-7.1.0-py3.10.egg-info/PKG-INFO
/home/jungwon/Desktop/camera_calibration/install/camera_calibration/lib/python3.10/site-packages/camera_calibration-7.1.0-py3.10.egg-info/zip-safe
/home/jungwon/Desktop/camera_calibration/install/camera_calibration/lib/python3.10/site-packages/camera_calibration-7.1.0-py3.10.egg-info/top_level.txt
/home/jungwon/Desktop/camera_calibration/install/camera_calibration/lib/camera_calibration/cameracalibrator
/home/jungwon/Desktop/camera_calibration/install/camera_calibration/lib/camera_calibration/cameracheck
/home/jungwon/Desktop/camera_calibration/install/camera_calibration/lib/camera_calibration/image_publisher
/home/jungwon/Desktop/camera_calibration/install/camera_calibration/lib/camera_calibration/tarfile_calibration
