[0.371s] Invoking command in '/home/jungwon/Desktop/camera_calibration': PYTHONPATH=/home/jungwon/Desktop/camera_calibration/build/camera_calibration/prefix_override:/usr/lib/python3/dist-packages/colcon_core/task/python/colcon_distutils_commands:/home/jungwon/Desktop/camera_calibration/install/camera_calibration/lib/python3.10/site-packages:${PYTHONPATH} /usr/bin/python3 -W ignore:setup.py install is deprecated -W ignore:easy_install command is deprecated setup.py egg_info --egg-base build/camera_calibration build --build-base /home/jungwon/Desktop/camera_calibration/build/camera_calibration/build install --record /home/jungwon/Desktop/camera_calibration/build/camera_calibration/install.log --single-version-externally-managed install_data
[0.547s] running egg_info
[0.547s] writing build/camera_calibration/camera_calibration.egg-info/PKG-INFO
[0.548s] writing dependency_links to build/camera_calibration/camera_calibration.egg-info/dependency_links.txt
[0.548s] writing entry points to build/camera_calibration/camera_calibration.egg-info/entry_points.txt
[0.548s] writing requirements to build/camera_calibration/camera_calibration.egg-info/requires.txt
[0.548s] writing top-level names to build/camera_calibration/camera_calibration.egg-info/top_level.txt
[0.551s] reading manifest file 'build/camera_calibration/camera_calibration.egg-info/SOURCES.txt'
[0.557s] writing manifest file 'build/camera_calibration/camera_calibration.egg-info/SOURCES.txt'
[0.557s] running build
[0.557s] running build_py
[0.557s] copying src/camera_calibration/nodes/image_publisher.py -> /home/jungwon/Desktop/camera_calibration/build/camera_calibration/build/lib/camera_calibration/nodes
[0.558s] running install
[0.558s] running install_lib
[0.559s] copying /home/jungwon/Desktop/camera_calibration/build/camera_calibration/build/lib/camera_calibration/nodes/image_publisher.py -> /home/jungwon/Desktop/camera_calibration/install/camera_calibration/lib/python3.10/site-packages/camera_calibration/nodes
[0.559s] byte-compiling /home/jungwon/Desktop/camera_calibration/install/camera_calibration/lib/python3.10/site-packages/camera_calibration/nodes/image_publisher.py to image_publisher.cpython-310.pyc
[0.561s] running install_data
[0.561s] running install_egg_info
[0.563s] removing '/home/jungwon/Desktop/camera_calibration/install/camera_calibration/lib/python3.10/site-packages/camera_calibration-7.1.0-py3.10.egg-info' (and everything under it)
[0.563s] Copying build/camera_calibration/camera_calibration.egg-info to /home/jungwon/Desktop/camera_calibration/install/camera_calibration/lib/python3.10/site-packages/camera_calibration-7.1.0-py3.10.egg-info
[0.563s] running install_scripts
[0.578s] Installing cameracalibrator script to /home/jungwon/Desktop/camera_calibration/install/camera_calibration/lib/camera_calibration
[0.578s] Installing cameracheck script to /home/jungwon/Desktop/camera_calibration/install/camera_calibration/lib/camera_calibration
[0.578s] Installing image_publisher script to /home/jungwon/Desktop/camera_calibration/install/camera_calibration/lib/camera_calibration
[0.578s] Installing tarfile_calibration script to /home/jungwon/Desktop/camera_calibration/install/camera_calibration/lib/camera_calibration
[0.578s] writing list of installed files to '/home/jungwon/Desktop/camera_calibration/build/camera_calibration/install.log'
[0.593s] Invoked command in '/home/jungwon/Desktop/camera_calibration' returned '0': PYTHONPATH=/home/jungwon/Desktop/camera_calibration/build/camera_calibration/prefix_override:/usr/lib/python3/dist-packages/colcon_core/task/python/colcon_distutils_commands:/home/jungwon/Desktop/camera_calibration/install/camera_calibration/lib/python3.10/site-packages:${PYTHONPATH} /usr/bin/python3 -W ignore:setup.py install is deprecated -W ignore:easy_install command is deprecated setup.py egg_info --egg-base build/camera_calibration build --build-base /home/jungwon/Desktop/camera_calibration/build/camera_calibration/build install --record /home/jungwon/Desktop/camera_calibration/build/camera_calibration/install.log --single-version-externally-managed install_data
