running egg_info
creating build/camera_calibration/camera_calibration.egg-info
writing build/camera_calibration/camera_calibration.egg-info/PKG-INFO
writing dependency_links to build/camera_calibration/camera_calibration.egg-info/dependency_links.txt
writing entry points to build/camera_calibration/camera_calibration.egg-info/entry_points.txt
writing requirements to build/camera_calibration/camera_calibration.egg-info/requires.txt
writing top-level names to build/camera_calibration/camera_calibration.egg-info/top_level.txt
writing manifest file 'build/camera_calibration/camera_calibration.egg-info/SOURCES.txt'
reading manifest file 'build/camera_calibration/camera_calibration.egg-info/SOURCES.txt'
writing manifest file 'build/camera_calibration/camera_calibration.egg-info/SOURCES.txt'
running build
running build_py
creating /home/jungwon/Desktop/camera_calibration/build/camera_calibration/build
creating /home/jungwon/Desktop/camera_calibration/build/camera_calibration/build/lib
creating /home/jungwon/Desktop/camera_calibration/build/camera_calibration/build/lib/camera_calibration
copying src/camera_calibration/camera_checker.py -> /home/jungwon/Desktop/camera_calibration/build/camera_calibration/build/lib/camera_calibration
copying src/camera_calibration/camera_calibrator.py -> /home/jungwon/Desktop/camera_calibration/build/camera_calibration/build/lib/camera_calibration
copying src/camera_calibration/__init__.py -> /home/jungwon/Desktop/camera_calibration/build/camera_calibration/build/lib/camera_calibration
copying src/camera_calibration/stereo_calibrator.py -> /home/jungwon/Desktop/camera_calibration/build/camera_calibration/build/lib/camera_calibration
copying src/camera_calibration/calibrator.py -> /home/jungwon/Desktop/camera_calibration/build/camera_calibration/build/lib/camera_calibration
copying src/camera_calibration/mono_calibrator.py -> /home/jungwon/Desktop/camera_calibration/build/camera_calibration/build/lib/camera_calibration
creating /home/jungwon/Desktop/camera_calibration/build/camera_calibration/build/lib/camera_calibration/nodes
copying src/camera_calibration/nodes/__init__.py -> /home/jungwon/Desktop/camera_calibration/build/camera_calibration/build/lib/camera_calibration/nodes
copying src/camera_calibration/nodes/cameracalibrator.py -> /home/jungwon/Desktop/camera_calibration/build/camera_calibration/build/lib/camera_calibration/nodes
copying src/camera_calibration/nodes/tarfile_calibration.py -> /home/jungwon/Desktop/camera_calibration/build/camera_calibration/build/lib/camera_calibration/nodes
copying src/camera_calibration/nodes/cameracheck.py -> /home/jungwon/Desktop/camera_calibration/build/camera_calibration/build/lib/camera_calibration/nodes
running install
running install_lib
creating /home/jungwon/Desktop/camera_calibration/install/camera_calibration/lib/python3.10/site-packages/camera_calibration
copying /home/jungwon/Desktop/camera_calibration/build/camera_calibration/build/lib/camera_calibration/camera_checker.py -> /home/jungwon/Desktop/camera_calibration/install/camera_calibration/lib/python3.10/site-packages/camera_calibration
copying /home/jungwon/Desktop/camera_calibration/build/camera_calibration/build/lib/camera_calibration/camera_calibrator.py -> /home/jungwon/Desktop/camera_calibration/install/camera_calibration/lib/python3.10/site-packages/camera_calibration
creating /home/jungwon/Desktop/camera_calibration/install/camera_calibration/lib/python3.10/site-packages/camera_calibration/nodes
copying /home/jungwon/Desktop/camera_calibration/build/camera_calibration/build/lib/camera_calibration/nodes/__init__.py -> /home/jungwon/Desktop/camera_calibration/install/camera_calibration/lib/python3.10/site-packages/camera_calibration/nodes
copying /home/jungwon/Desktop/camera_calibration/build/camera_calibration/build/lib/camera_calibration/nodes/cameracalibrator.py -> /home/jungwon/Desktop/camera_calibration/install/camera_calibration/lib/python3.10/site-packages/camera_calibration/nodes
copying /home/jungwon/Desktop/camera_calibration/build/camera_calibration/build/lib/camera_calibration/nodes/tarfile_calibration.py -> /home/jungwon/Desktop/camera_calibration/install/camera_calibration/lib/python3.10/site-packages/camera_calibration/nodes
copying /home/jungwon/Desktop/camera_calibration/build/camera_calibration/build/lib/camera_calibration/nodes/cameracheck.py -> /home/jungwon/Desktop/camera_calibration/install/camera_calibration/lib/python3.10/site-packages/camera_calibration/nodes
copying /home/jungwon/Desktop/camera_calibration/build/camera_calibration/build/lib/camera_calibration/__init__.py -> /home/jungwon/Desktop/camera_calibration/install/camera_calibration/lib/python3.10/site-packages/camera_calibration
copying /home/jungwon/Desktop/camera_calibration/build/camera_calibration/build/lib/camera_calibration/stereo_calibrator.py -> /home/jungwon/Desktop/camera_calibration/install/camera_calibration/lib/python3.10/site-packages/camera_calibration
copying /home/jungwon/Desktop/camera_calibration/build/camera_calibration/build/lib/camera_calibration/calibrator.py -> /home/jungwon/Desktop/camera_calibration/install/camera_calibration/lib/python3.10/site-packages/camera_calibration
copying /home/jungwon/Desktop/camera_calibration/build/camera_calibration/build/lib/camera_calibration/mono_calibrator.py -> /home/jungwon/Desktop/camera_calibration/install/camera_calibration/lib/python3.10/site-packages/camera_calibration
byte-compiling /home/jungwon/Desktop/camera_calibration/install/camera_calibration/lib/python3.10/site-packages/camera_calibration/camera_checker.py to camera_checker.cpython-310.pyc
byte-compiling /home/jungwon/Desktop/camera_calibration/install/camera_calibration/lib/python3.10/site-packages/camera_calibration/camera_calibrator.py to camera_calibrator.cpython-310.pyc
byte-compiling /home/jungwon/Desktop/camera_calibration/install/camera_calibration/lib/python3.10/site-packages/camera_calibration/nodes/__init__.py to __init__.cpython-310.pyc
byte-compiling /home/jungwon/Desktop/camera_calibration/install/camera_calibration/lib/python3.10/site-packages/camera_calibration/nodes/cameracalibrator.py to cameracalibrator.cpython-310.pyc
byte-compiling /home/jungwon/Desktop/camera_calibration/install/camera_calibration/lib/python3.10/site-packages/camera_calibration/nodes/tarfile_calibration.py to tarfile_calibration.cpython-310.pyc
byte-compiling /home/jungwon/Desktop/camera_calibration/install/camera_calibration/lib/python3.10/site-packages/camera_calibration/nodes/cameracheck.py to cameracheck.cpython-310.pyc
byte-compiling /home/jungwon/Desktop/camera_calibration/install/camera_calibration/lib/python3.10/site-packages/camera_calibration/__init__.py to __init__.cpython-310.pyc
byte-compiling /home/jungwon/Desktop/camera_calibration/install/camera_calibration/lib/python3.10/site-packages/camera_calibration/stereo_calibrator.py to stereo_calibrator.cpython-310.pyc
byte-compiling /home/jungwon/Desktop/camera_calibration/install/camera_calibration/lib/python3.10/site-packages/camera_calibration/calibrator.py to calibrator.cpython-310.pyc
byte-compiling /home/jungwon/Desktop/camera_calibration/install/camera_calibration/lib/python3.10/site-packages/camera_calibration/mono_calibrator.py to mono_calibrator.cpython-310.pyc
running install_data
creating /home/jungwon/Desktop/camera_calibration/install/camera_calibration/share/ament_index
creating /home/jungwon/Desktop/camera_calibration/install/camera_calibration/share/ament_index/resource_index
creating /home/jungwon/Desktop/camera_calibration/install/camera_calibration/share/ament_index/resource_index/packages
copying resource/camera_calibration -> /home/jungwon/Desktop/camera_calibration/install/camera_calibration/share/ament_index/resource_index/packages
copying package.xml -> /home/jungwon/Desktop/camera_calibration/install/camera_calibration/share/camera_calibration
running install_egg_info
Copying build/camera_calibration/camera_calibration.egg-info to /home/jungwon/Desktop/camera_calibration/install/camera_calibration/lib/python3.10/site-packages/camera_calibration-7.1.0-py3.10.egg-info
running install_scripts
Installing cameracalibrator script to /home/jungwon/Desktop/camera_calibration/install/camera_calibration/lib/camera_calibration
Installing cameracheck script to /home/jungwon/Desktop/camera_calibration/install/camera_calibration/lib/camera_calibration
Installing tarfile_calibration script to /home/jungwon/Desktop/camera_calibration/install/camera_calibration/lib/camera_calibration
writing list of installed files to '/home/jungwon/Desktop/camera_calibration/build/camera_calibration/install.log'
